Using pre-set license
Built from '2020.3/staging' branch; Version is '2020.3.17f1 (a4537701e4ab) revision 10769271'; Using compiler version '192528614'; Build Type 'Release'
OS: 'Windows 10 Pro; OS build 19043.1237; Version 2009; 64bit' Language: 'pt' Physical Memory: 16221 MB
BatchMode: 1, IsHumanControllingUs: 0, StartBugReporterOnCrash: 0, Is64bit: 1, IsPro: 0

COMMAND LINE ARGUMENTS:
C:\Program Files\Unity\Hub\Editor\2020.3.17f1\Editor\Unity.exe
-adb2
-batchMode
-noUpm
-name
AssetImportWorker0
-projectPath
C:/Users/camil/Documents/GitHub/Jogo-Hyper-Casual/Jogo HyperCasual
-logFile
Logs/AssetImportWorker0.log
-srvPort
63339
Successfully changed project path to: C:/Users/camil/Documents/GitHub/Jogo-Hyper-Casual/Jogo HyperCasual
C:/Users/camil/Documents/GitHub/Jogo-Hyper-Casual/Jogo HyperCasual
Using Asset Import Pipeline V2.
Refreshing native plugins compatible for Editor in 48.28 ms, found 3 plugins.
Preloading 0 native plugins for Editor in 0.00 ms.
Initialize engine version: 2020.3.17f1 (a4537701e4ab)
[Subsystems] Discovering subsystems at path C:/Program Files/Unity/Hub/Editor/2020.3.17f1/Editor/Data/Resources/UnitySubsystems
[Subsystems] Discovering subsystems at path C:/Users/camil/Documents/GitHub/Jogo-Hyper-Casual/Jogo HyperCasual/Assets
GfxDevice: creating device client; threaded=0
Direct3D:
    Version:  Direct3D 11.0 [level 11.1]
    Renderer: NVIDIA GeForce GTX 1650 (ID=0x1f91)
    Vendor:   
    VRAM:     3962 MB
    Driver:   26.21.14.4137
Initialize mono
Mono path[0] = 'C:/Program Files/Unity/Hub/Editor/2020.3.17f1/Editor/Data/Managed'
Mono path[1] = 'C:/Program Files/Unity/Hub/Editor/2020.3.17f1/Editor/Data/MonoBleedingEdge/lib/mono/unityjit'
Mono config path = 'C:/Program Files/Unity/Hub/Editor/2020.3.17f1/Editor/Data/MonoBleedingEdge/etc'
Using monoOptions --debugger-agent=transport=dt_socket,embedding=1,server=y,suspend=n,address=127.0.0.1:56200
Begin MonoManager ReloadAssembly
Registering precompiled unity dll's ...
Register platform support module: C:/Program Files/Unity/Hub/Editor/2020.3.17f1/Editor/Data/PlaybackEngines/WindowsStandaloneSupport/UnityEditor.WindowsStandalone.Extensions.dll
Registered in 0.001916 seconds.
Native extension for WindowsStandalone target not found
Refreshing native plugins compatible for Editor in 44.15 ms, found 3 plugins.
Preloading 0 native plugins for Editor in 0.00 ms.
Mono: successfully reloaded assembly
- Completed reload, in  1.827 seconds
Domain Reload Profiling:
	ReloadAssembly (1828ms)
		BeginReloadAssembly (50ms)
			ExecutionOrderSort (0ms)
			DisableScriptedObjects (0ms)
			BackupInstance (0ms)
			ReleaseScriptingObjects (0ms)
			CreateAndSetChildDomain (1ms)
		EndReloadAssembly (424ms)
			LoadAssemblies (48ms)
			RebuildTransferFunctionScriptingTraits (0ms)
			SetupTypeCache (143ms)
			ReleaseScriptCaches (0ms)
			RebuildScriptCaches (30ms)
			SetupLoadedEditorAssemblies (160ms)
				LogAssemblyErrors (0ms)
				InitializePlatformSupportModulesInManaged (4ms)
				SetLoadedEditorAssemblies (0ms)
				RefreshPlugins (44ms)
				BeforeProcessingInitializeOnLoad (15ms)
				ProcessInitializeOnLoadAttributes (71ms)
				ProcessInitializeOnLoadMethodAttributes (25ms)
				AfterProcessingInitializeOnLoad (0ms)
				EditorAssembliesLoaded (0ms)
			ExecutionOrderSort2 (0ms)
			AwakeInstancesAfterBackupRestoration (0ms)
Platform modules already initialized, skipping
Registering precompiled user dll's ...
Registered in 0.009311 seconds.
Begin MonoManager ReloadAssembly
Native extension for WindowsStandalone target not found
Refreshing native plugins compatible for Editor in 43.61 ms, found 3 plugins.
Preloading 0 native plugins for Editor in 0.00 ms.
Mono: successfully reloaded assembly
- Completed reload, in  1.116 seconds
Domain Reload Profiling:
	ReloadAssembly (1116ms)
		BeginReloadAssembly (134ms)
			ExecutionOrderSort (0ms)
			DisableScriptedObjects (5ms)
			BackupInstance (0ms)
			ReleaseScriptingObjects (0ms)
			CreateAndSetChildDomain (17ms)
		EndReloadAssembly (924ms)
			LoadAssemblies (87ms)
			RebuildTransferFunctionScriptingTraits (0ms)
			SetupTypeCache (278ms)
			ReleaseScriptCaches (0ms)
			RebuildScriptCaches (45ms)
			SetupLoadedEditorAssemblies (396ms)
				LogAssemblyErrors (0ms)
				InitializePlatformSupportModulesInManaged (4ms)
				SetLoadedEditorAssemblies (0ms)
				RefreshPlugins (44ms)
				BeforeProcessingInitializeOnLoad (81ms)
				ProcessInitializeOnLoadAttributes (250ms)
				ProcessInitializeOnLoadMethodAttributes (11ms)
				AfterProcessingInitializeOnLoad (6ms)
				EditorAssembliesLoaded (0ms)
			ExecutionOrderSort2 (0ms)
			AwakeInstancesAfterBackupRestoration (6ms)
Platform modules already initialized, skipping
========================================================================
Worker process is ready to serve import requests
Launched and connected shader compiler UnityShaderCompiler.exe after 0.08 seconds
Refreshing native plugins compatible for Editor in 0.49 ms, found 3 plugins.
Preloading 0 native plugins for Editor in 0.00 ms.
Unloading 2243 Unused Serialized files (Serialized files now loaded: 0)
System memory in use before: 97.6 MB.
System memory in use after: 97.7 MB.

Unloading 41 unused Assets to reduce memory usage. Loaded Objects now: 2667.
Total: 3.128100 ms (FindLiveObjects: 0.190800 ms CreateObjectMapping: 0.076300 ms MarkObjects: 2.788600 ms  DeleteObjects: 0.071400 ms)

AssetImportParameters requested are different than current active one (requested -> active):
  custom:framework-win-MediaFoundation: 216162199b28c13a410421893ffa2e32 -> 
  custom:video-decoder-ogg-theora: a1e56fd34408186e4bbccfd4996cb3dc -> 
  custom:container-muxer-webm: aa71ff27fc2769a1b78a27578f13a17b -> 
  custom:container-demuxer-webm: 4f35f7cbe854078d1ac9338744f61a02 -> 
  custom:container-demuxer-ogg: 62fdf1f143b41e24485cea50d1cbac27 -> 
  custom:video-encoder-webm-vp8: eb34c28f22e8b96e1ab97ce403110664 -> 
  custom:video-decoder-webm-vp8: 9c59270c3fd7afecdb556c50c9e8de78 -> 
  custom:audio-decoder-ogg-vorbis: bf7c407c2cedff20999df2af8eb42d56 -> 
  custom:audio-encoder-webm-vorbis: bf7c407c2cedff20999df2af8eb42d56 -> 
========================================================================
Received Import Request.
  path: Assets/_Jogo/Prefabs/Plataform.prefab
  artifactKey: Guid(78554fcddd9c52a4c983534f6deaed8b) Importer(815301076,1909f56bfc062723c751e8b465ee728b)
Start importing Assets/_Jogo/Prefabs/Plataform.prefab using Guid(78554fcddd9c52a4c983534f6deaed8b) Importer(815301076,1909f56bfc062723c751e8b465ee728b)  -> (artifact id: 'ce80a5527d992abd8fe3b720ddf1cda7') in 0.118167 seconds 
  Import took 0.123954 seconds .

========================================================================
Received Import Request.
  Time since last request: 99.241165 seconds.
  path: Assets/_Jogo/Prefabs/Player.prefab
  artifactKey: Guid(a89e7ff05961c964bb7c5257911517b9) Importer(815301076,1909f56bfc062723c751e8b465ee728b)
Start importing Assets/_Jogo/Prefabs/Player.prefab using Guid(a89e7ff05961c964bb7c5257911517b9) Importer(815301076,1909f56bfc062723c751e8b465ee728b)  -> (artifact id: '6fae4e7e1f653afe52a5123536133b81') in 0.026536 seconds 
  Import took 0.032984 seconds .

========================================================================
Received Import Request.
  Time since last request: 53.180795 seconds.
  path: Assets/_Jogo/Prefabs/Pontos.prefab
  artifactKey: Guid(2f584c56813091342bf060ed55752e81) Importer(815301076,1909f56bfc062723c751e8b465ee728b)
Start importing Assets/_Jogo/Prefabs/Pontos.prefab using Guid(2f584c56813091342bf060ed55752e81) Importer(815301076,1909f56bfc062723c751e8b465ee728b)  -> (artifact id: '8d5f620f443bc751c50eb014e5820ec5') in 0.020090 seconds 
  Import took 0.024945 seconds .

========================================================================
Received Import Request.
  Time since last request: 0.003415 seconds.
  path: Assets/_Jogo/Prefabs/Pontos.prefab
  artifactKey: Guid(2f584c56813091342bf060ed55752e81) Importer(815301076,1909f56bfc062723c751e8b465ee728b)
Start importing Assets/_Jogo/Prefabs/Pontos.prefab using Guid(2f584c56813091342bf060ed55752e81) Importer(815301076,1909f56bfc062723c751e8b465ee728b)  -> (artifact id: '8d5f620f443bc751c50eb014e5820ec5') in 0.009584 seconds 
  Import took 0.014960 seconds .

========================================================================
Received Import Request.
  Time since last request: 331.781494 seconds.
  path: Assets/_Jogo/Prefabs/Plataform.prefab
  artifactKey: Guid(78554fcddd9c52a4c983534f6deaed8b) Importer(815301076,1909f56bfc062723c751e8b465ee728b)
Start importing Assets/_Jogo/Prefabs/Plataform.prefab using Guid(78554fcddd9c52a4c983534f6deaed8b) Importer(815301076,1909f56bfc062723c751e8b465ee728b)  -> (artifact id: '75a9822c68abb48e1e5ed40e08ad1df9') in 0.020489 seconds 
  Import took 0.026279 seconds .

========================================================================
Received Import Request.
  Time since last request: 4.203111 seconds.
  path: Assets/_Jogo/Prefabs/Plataform.prefab
  artifactKey: Guid(78554fcddd9c52a4c983534f6deaed8b) Importer(815301076,1909f56bfc062723c751e8b465ee728b)
Start importing Assets/_Jogo/Prefabs/Plataform.prefab using Guid(78554fcddd9c52a4c983534f6deaed8b) Importer(815301076,1909f56bfc062723c751e8b465ee728b)  -> (artifact id: '7ee1f682ee3eb434bae70e9acd478521') in 0.016791 seconds 
  Import took 0.024570 seconds .

========================================================================
Received Import Request.
  Time since last request: 0.006645 seconds.
  path: Assets/_Jogo/Prefabs/Plataform.prefab
  artifactKey: Guid(78554fcddd9c52a4c983534f6deaed8b) Importer(815301076,1909f56bfc062723c751e8b465ee728b)
Start importing Assets/_Jogo/Prefabs/Plataform.prefab using Guid(78554fcddd9c52a4c983534f6deaed8b) Importer(815301076,1909f56bfc062723c751e8b465ee728b)  -> (artifact id: '7ee1f682ee3eb434bae70e9acd478521') in 0.012760 seconds 
  Import took 0.016997 seconds .

========================================================================
Received Import Request.
  Time since last request: 3.711048 seconds.
  path: Assets/_Jogo/Prefabs/Plataform.prefab
  artifactKey: Guid(78554fcddd9c52a4c983534f6deaed8b) Importer(815301076,1909f56bfc062723c751e8b465ee728b)
Start importing Assets/_Jogo/Prefabs/Plataform.prefab using Guid(78554fcddd9c52a4c983534f6deaed8b) Importer(815301076,1909f56bfc062723c751e8b465ee728b)  -> (artifact id: '626c6d78bd7e456b12204e77a4bef53a') in 0.009433 seconds 
  Import took 0.014913 seconds .

========================================================================
Received Import Request.
  Time since last request: 78.795831 seconds.
  path: Assets/_Jogo/Prefabs/Plataform.prefab
  artifactKey: Guid(78554fcddd9c52a4c983534f6deaed8b) Importer(815301076,1909f56bfc062723c751e8b465ee728b)
Start importing Assets/_Jogo/Prefabs/Plataform.prefab using Guid(78554fcddd9c52a4c983534f6deaed8b) Importer(815301076,1909f56bfc062723c751e8b465ee728b)  -> (artifact id: 'a55a4eca0412f5fe76f1ac6bbd04f987') in 0.016592 seconds 
  Import took 0.021755 seconds .

========================================================================
Received Import Request.
  Time since last request: 6.662729 seconds.
  path: Assets/_Jogo/Prefabs/Plataform.prefab
  artifactKey: Guid(78554fcddd9c52a4c983534f6deaed8b) Importer(815301076,1909f56bfc062723c751e8b465ee728b)
Start importing Assets/_Jogo/Prefabs/Plataform.prefab using Guid(78554fcddd9c52a4c983534f6deaed8b) Importer(815301076,1909f56bfc062723c751e8b465ee728b)  -> (artifact id: 'c60a9cdd1afc387344dc68f7823813dc') in 0.014776 seconds 
  Import took 0.020685 seconds .

========================================================================
Received Import Request.
  Time since last request: 19.805953 seconds.
  path: Assets/_Jogo/Prefabs/Player.prefab
  artifactKey: Guid(a89e7ff05961c964bb7c5257911517b9) Importer(815301076,1909f56bfc062723c751e8b465ee728b)
Start importing Assets/_Jogo/Prefabs/Player.prefab using Guid(a89e7ff05961c964bb7c5257911517b9) Importer(815301076,1909f56bfc062723c751e8b465ee728b)  -> (artifact id: 'f8e806fdf523c3669dcd8c8e16093306') in 0.014015 seconds 
  Import took 0.018477 seconds .

========================================================================
Received Import Request.
  Time since last request: 0.010952 seconds.
  path: Assets/_Jogo/Prefabs/Player.prefab
  artifactKey: Guid(a89e7ff05961c964bb7c5257911517b9) Importer(815301076,1909f56bfc062723c751e8b465ee728b)
Start importing Assets/_Jogo/Prefabs/Player.prefab using Guid(a89e7ff05961c964bb7c5257911517b9) Importer(815301076,1909f56bfc062723c751e8b465ee728b)  -> (artifact id: 'f8e806fdf523c3669dcd8c8e16093306') in 0.013005 seconds 
  Import took 0.016741 seconds .

========================================================================
Received Import Request.
  Time since last request: 4.002931 seconds.
  path: Assets/_Jogo/Prefabs/Player.prefab
  artifactKey: Guid(a89e7ff05961c964bb7c5257911517b9) Importer(815301076,1909f56bfc062723c751e8b465ee728b)
Start importing Assets/_Jogo/Prefabs/Player.prefab using Guid(a89e7ff05961c964bb7c5257911517b9) Importer(815301076,1909f56bfc062723c751e8b465ee728b)  -> (artifact id: '1c4134c70bb38f04ef091fd4a6f8f618') in 0.013097 seconds 
  Import took 0.017567 seconds .

========================================================================
Received Import Request.
  Time since last request: 10.650714 seconds.
  path: Assets/_Jogo/Prefabs/Pontos.prefab
  artifactKey: Guid(2f584c56813091342bf060ed55752e81) Importer(815301076,1909f56bfc062723c751e8b465ee728b)
Start importing Assets/_Jogo/Prefabs/Pontos.prefab using Guid(2f584c56813091342bf060ed55752e81) Importer(815301076,1909f56bfc062723c751e8b465ee728b)  -> (artifact id: 'aa94e2ea36d698a95ddd5c122ae635f9') in 0.010732 seconds 
  Import took 0.015598 seconds .

========================================================================
Received Prepare
Registering precompiled user dll's ...
Registered in 0.004142 seconds.
Begin MonoManager ReloadAssembly
Native extension for WindowsStandalone target not found
Refreshing native plugins compatible for Editor in 0.52 ms, found 3 plugins.
Preloading 0 native plugins for Editor in 0.00 ms.
Mono: successfully reloaded assembly
- Completed reload, in  1.100 seconds
Domain Reload Profiling:
	ReloadAssembly (1101ms)
		BeginReloadAssembly (127ms)
			ExecutionOrderSort (0ms)
			DisableScriptedObjects (6ms)
			BackupInstance (0ms)
			ReleaseScriptingObjects (0ms)
			CreateAndSetChildDomain (37ms)
		EndReloadAssembly (909ms)
			LoadAssemblies (91ms)
			RebuildTransferFunctionScriptingTraits (0ms)
			SetupTypeCache (284ms)
			ReleaseScriptCaches (1ms)
			RebuildScriptCaches (45ms)
			SetupLoadedEditorAssemblies (378ms)
				LogAssemblyErrors (0ms)
				InitializePlatformSupportModulesInManaged (5ms)
				SetLoadedEditorAssemblies (0ms)
				RefreshPlugins (1ms)
				BeforeProcessingInitializeOnLoad (89ms)
				ProcessInitializeOnLoadAttributes (272ms)
				ProcessInitializeOnLoadMethodAttributes (6ms)
				AfterProcessingInitializeOnLoad (6ms)
				EditorAssembliesLoaded (0ms)
			ExecutionOrderSort2 (0ms)
			AwakeInstancesAfterBackupRestoration (10ms)
Platform modules already initialized, skipping
Switching build target platform(19) subTarget(0) extendedPlatform(0) -> platform(13) subTarget(537395200) extendedPlatform(0)
Refreshing native plugins compatible for Editor in 0.58 ms, found 3 plugins.
Preloading 0 native plugins for Editor in 0.00 ms.
Unloading 2236 Unused Serialized files (Serialized files now loaded: 0)
System memory in use before: 100.0 MB.
System memory in use after: 100.2 MB.

Unloading 29 unused Assets to reduce memory usage. Loaded Objects now: 2677.
Total: 3.052900 ms (FindLiveObjects: 0.200800 ms CreateObjectMapping: 0.074700 ms MarkObjects: 2.757100 ms  DeleteObjects: 0.019400 ms)

AssetImportParameters requested are different than current active one (requested -> active):
  custom:framework-win-MediaFoundation: 216162199b28c13a410421893ffa2e32 -> 
  custom:video-decoder-ogg-theora: a1e56fd34408186e4bbccfd4996cb3dc -> 
  custom:container-muxer-webm: aa71ff27fc2769a1b78a27578f13a17b -> 
  custom:container-demuxer-webm: 4f35f7cbe854078d1ac9338744f61a02 -> 
  custom:container-demuxer-ogg: 62fdf1f143b41e24485cea50d1cbac27 -> 
  custom:video-encoder-webm-vp8: eb34c28f22e8b96e1ab97ce403110664 -> 
  custom:video-decoder-webm-vp8: 9c59270c3fd7afecdb556c50c9e8de78 -> 
  custom:graphics/normal-map-encoding: 01000000000000000000000000000000 -> 02000000000000000000000000000000
  custom:audio-decoder-ogg-vorbis: bf7c407c2cedff20999df2af8eb42d56 -> 
  custom:audio-encoder-webm-vorbis: bf7c407c2cedff20999df2af8eb42d56 -> 
========================================================================
Received Import Request.
  Time since last request: 196.814734 seconds.
  path: Assets/_Jogo/Prefabs/BG_MenuIcon.prefab
  artifactKey: Guid(ecdbe47408a017f418c4a5efaa81ef97) Importer(815301076,1909f56bfc062723c751e8b465ee728b)
Start importing Assets/_Jogo/Prefabs/BG_MenuIcon.prefab using Guid(ecdbe47408a017f418c4a5efaa81ef97) Importer(815301076,1909f56bfc062723c751e8b465ee728b)  -> (artifact id: '1164dbb0ef597bf3bb2aa31753d6f105') in 0.085878 seconds 
  Import took 0.091206 seconds .

========================================================================
Received Prepare
Registering precompiled user dll's ...
Registered in 0.008250 seconds.
Begin MonoManager ReloadAssembly
Native extension for WindowsStandalone target not found
Refreshing native plugins compatible for Editor in 0.61 ms, found 3 plugins.
Preloading 0 native plugins for Editor in 0.00 ms.
Mono: successfully reloaded assembly
- Completed reload, in  1.853 seconds
Domain Reload Profiling:
	ReloadAssembly (1854ms)
		BeginReloadAssembly (132ms)
			ExecutionOrderSort (0ms)
			DisableScriptedObjects (7ms)
			BackupInstance (0ms)
			ReleaseScriptingObjects (0ms)
			CreateAndSetChildDomain (43ms)
		EndReloadAssembly (1631ms)
			LoadAssemblies (120ms)
			RebuildTransferFunctionScriptingTraits (0ms)
			SetupTypeCache (443ms)
			ReleaseScriptCaches (1ms)
			RebuildScriptCaches (63ms)
			SetupLoadedEditorAssemblies (751ms)
				LogAssemblyErrors (0ms)
				InitializePlatformSupportModulesInManaged (7ms)
				SetLoadedEditorAssemblies (0ms)
				RefreshPlugins (1ms)
				BeforeProcessingInitializeOnLoad (111ms)
				ProcessInitializeOnLoadAttributes (559ms)
				ProcessInitializeOnLoadMethodAttributes (41ms)
				AfterProcessingInitializeOnLoad (32ms)
				EditorAssembliesLoaded (0ms)
			ExecutionOrderSort2 (0ms)
			AwakeInstancesAfterBackupRestoration (43ms)
Platform modules already initialized, skipping
Switching build target platform(19) subTarget(0) extendedPlatform(0) -> platform(13) subTarget(537395200) extendedPlatform(0)
Refreshing native plugins compatible for Editor in 1.23 ms, found 3 plugins.
Preloading 0 native plugins for Editor in 0.00 ms.
Unloading 2237 Unused Serialized files (Serialized files now loaded: 0)
System memory in use before: 100.2 MB.
System memory in use after: 100.3 MB.

Unloading 29 unused Assets to reduce memory usage. Loaded Objects now: 2682.
Total: 5.240700 ms (FindLiveObjects: 0.439000 ms CreateObjectMapping: 0.186300 ms MarkObjects: 4.579400 ms  DeleteObjects: 0.033800 ms)

AssetImportParameters requested are different than current active one (requested -> active):
  custom:framework-win-MediaFoundation: 216162199b28c13a410421893ffa2e32 -> 
  custom:video-decoder-ogg-theora: a1e56fd34408186e4bbccfd4996cb3dc -> 
  custom:container-muxer-webm: aa71ff27fc2769a1b78a27578f13a17b -> 
  custom:container-demuxer-webm: 4f35f7cbe854078d1ac9338744f61a02 -> 
  custom:container-demuxer-ogg: 62fdf1f143b41e24485cea50d1cbac27 -> 
  custom:video-encoder-webm-vp8: eb34c28f22e8b96e1ab97ce403110664 -> 
  custom:video-decoder-webm-vp8: 9c59270c3fd7afecdb556c50c9e8de78 -> 
  custom:graphics/normal-map-encoding: 01000000000000000000000000000000 -> 02000000000000000000000000000000
  custom:audio-decoder-ogg-vorbis: bf7c407c2cedff20999df2af8eb42d56 -> 
  custom:audio-encoder-webm-vorbis: bf7c407c2cedff20999df2af8eb42d56 -> 
========================================================================
Received Prepare
Registering precompiled user dll's ...
Registered in 0.004662 seconds.
Begin MonoManager ReloadAssembly
Native extension for WindowsStandalone target not found
Refreshing native plugins compatible for Editor in 0.57 ms, found 3 plugins.
Preloading 0 native plugins for Editor in 0.00 ms.
Mono: successfully reloaded assembly
- Completed reload, in  1.155 seconds
Domain Reload Profiling:
	ReloadAssembly (1155ms)
		BeginReloadAssembly (136ms)
			ExecutionOrderSort (0ms)
			DisableScriptedObjects (8ms)
			BackupInstance (0ms)
			ReleaseScriptingObjects (0ms)
			CreateAndSetChildDomain (38ms)
		EndReloadAssembly (945ms)
			LoadAssemblies (97ms)
			RebuildTransferFunctionScriptingTraits (0ms)
			SetupTypeCache (289ms)
			ReleaseScriptCaches (1ms)
			RebuildScriptCaches (44ms)
			SetupLoadedEditorAssemblies (385ms)
				LogAssemblyErrors (0ms)
				InitializePlatformSupportModulesInManaged (5ms)
				SetLoadedEditorAssemblies (0ms)
				RefreshPlugins (1ms)
				BeforeProcessingInitializeOnLoad (95ms)
				ProcessInitializeOnLoadAttributes (271ms)
				ProcessInitializeOnLoadMethodAttributes (6ms)
				AfterProcessingInitializeOnLoad (6ms)
				EditorAssembliesLoaded (0ms)
			ExecutionOrderSort2 (0ms)
			AwakeInstancesAfterBackupRestoration (13ms)
Platform modules already initialized, skipping
Switching build target platform(19) subTarget(0) extendedPlatform(0) -> platform(13) subTarget(537395200) extendedPlatform(0)
Refreshing native plugins compatible for Editor in 0.54 ms, found 3 plugins.
Preloading 0 native plugins for Editor in 0.00 ms.
Unloading 2237 Unused Serialized files (Serialized files now loaded: 0)
System memory in use before: 100.2 MB.
System memory in use after: 100.4 MB.

Unloading 29 unused Assets to reduce memory usage. Loaded Objects now: 2685.
Total: 3.075800 ms (FindLiveObjects: 0.198200 ms CreateObjectMapping: 0.075800 ms MarkObjects: 2.783100 ms  DeleteObjects: 0.017900 ms)

AssetImportParameters requested are different than current active one (requested -> active):
  custom:framework-win-MediaFoundation: 216162199b28c13a410421893ffa2e32 -> 
  custom:video-decoder-ogg-theora: a1e56fd34408186e4bbccfd4996cb3dc -> 
  custom:container-muxer-webm: aa71ff27fc2769a1b78a27578f13a17b -> 
  custom:container-demuxer-webm: 4f35f7cbe854078d1ac9338744f61a02 -> 
  custom:container-demuxer-ogg: 62fdf1f143b41e24485cea50d1cbac27 -> 
  custom:video-encoder-webm-vp8: eb34c28f22e8b96e1ab97ce403110664 -> 
  custom:video-decoder-webm-vp8: 9c59270c3fd7afecdb556c50c9e8de78 -> 
  custom:graphics/normal-map-encoding: 01000000000000000000000000000000 -> 02000000000000000000000000000000
  custom:audio-decoder-ogg-vorbis: bf7c407c2cedff20999df2af8eb42d56 -> 
  custom:audio-encoder-webm-vorbis: bf7c407c2cedff20999df2af8eb42d56 -> 
========================================================================
Received Import Request.
  Time since last request: 505.764512 seconds.
  path: Assets/_Jogo/Script/MenuPopUp
  artifactKey: Guid(a73adf064dac0d649aeb8f36e5ad981f) Importer(815301076,1909f56bfc062723c751e8b465ee728b)
Start importing Assets/_Jogo/Script/MenuPopUp using Guid(a73adf064dac0d649aeb8f36e5ad981f) Importer(815301076,1909f56bfc062723c751e8b465ee728b)  -> (artifact id: '824f55258116cf7d9ca6bda7217c7cff') in 0.011074 seconds 
  Import took 0.024580 seconds .

========================================================================
Received Prepare
Registering precompiled user dll's ...
Registered in 0.004240 seconds.
Begin MonoManager ReloadAssembly
Native extension for WindowsStandalone target not found
Refreshing native plugins compatible for Editor in 0.54 ms, found 3 plugins.
Preloading 0 native plugins for Editor in 0.00 ms.
Mono: successfully reloaded assembly
- Completed reload, in  1.253 seconds
Domain Reload Profiling:
	ReloadAssembly (1254ms)
		BeginReloadAssembly (116ms)
			ExecutionOrderSort (0ms)
			DisableScriptedObjects (6ms)
			BackupInstance (0ms)
			ReleaseScriptingObjects (0ms)
			CreateAndSetChildDomain (36ms)
		EndReloadAssembly (1069ms)
			LoadAssemblies (96ms)
			RebuildTransferFunctionScriptingTraits (0ms)
			SetupTypeCache (354ms)
			ReleaseScriptCaches (1ms)
			RebuildScriptCaches (48ms)
			SetupLoadedEditorAssemblies (423ms)
				LogAssemblyErrors (0ms)
				InitializePlatformSupportModulesInManaged (5ms)
				SetLoadedEditorAssemblies (0ms)
				RefreshPlugins (1ms)
				BeforeProcessingInitializeOnLoad (118ms)
				ProcessInitializeOnLoadAttributes (287ms)
				ProcessInitializeOnLoadMethodAttributes (5ms)
				AfterProcessingInitializeOnLoad (7ms)
				EditorAssembliesLoaded (0ms)
			ExecutionOrderSort2 (0ms)
			AwakeInstancesAfterBackupRestoration (11ms)
Platform modules already initialized, skipping
Switching build target platform(19) subTarget(0) extendedPlatform(0) -> platform(13) subTarget(537395200) extendedPlatform(0)
Refreshing native plugins compatible for Editor in 0.51 ms, found 3 plugins.
Preloading 0 native plugins for Editor in 0.00 ms.
Unloading 2237 Unused Serialized files (Serialized files now loaded: 0)
System memory in use before: 100.3 MB.
System memory in use after: 100.4 MB.

Unloading 29 unused Assets to reduce memory usage. Loaded Objects now: 2688.
Total: 4.033000 ms (FindLiveObjects: 0.195100 ms CreateObjectMapping: 0.099700 ms MarkObjects: 3.704800 ms  DeleteObjects: 0.032400 ms)

AssetImportParameters requested are different than current active one (requested -> active):
  custom:framework-win-MediaFoundation: 216162199b28c13a410421893ffa2e32 -> 
  custom:video-decoder-ogg-theora: a1e56fd34408186e4bbccfd4996cb3dc -> 
  custom:container-muxer-webm: aa71ff27fc2769a1b78a27578f13a17b -> 
  custom:container-demuxer-webm: 4f35f7cbe854078d1ac9338744f61a02 -> 
  custom:container-demuxer-ogg: 62fdf1f143b41e24485cea50d1cbac27 -> 
  custom:video-encoder-webm-vp8: eb34c28f22e8b96e1ab97ce403110664 -> 
  custom:video-decoder-webm-vp8: 9c59270c3fd7afecdb556c50c9e8de78 -> 
  custom:graphics/normal-map-encoding: 01000000000000000000000000000000 -> 02000000000000000000000000000000
  custom:audio-decoder-ogg-vorbis: bf7c407c2cedff20999df2af8eb42d56 -> 
  custom:audio-encoder-webm-vorbis: bf7c407c2cedff20999df2af8eb42d56 -> 
